<?xml version="1.0" encoding="UTF-8"?>
<testng-results ignored="0" total="2" passed="2" failed="0" skipped="0">
  <reporter-output>
  </reporter-output>
  <suite started-at="2023-07-10T21:11:30 IST" name="Default suite" finished-at="2023-07-10T21:11:47 IST" duration-ms="16883">
    <groups>
    </groups>
    <test started-at="2023-07-10T21:11:30 IST" name="Default test" finished-at="2023-07-10T21:11:47 IST" duration-ms="16883">
      <class name="Dataprovider.dataprovider1">
        <test-method signature="logintest(java.lang.String,java.lang.String)[pri:0, instance:Dataprovider.dataprovider1@2f7298b]" started-at="2023-07-10T21:11:31 IST" name="logintest" data-provider="logintest" finished-at="2023-07-10T21:11:40 IST" duration-ms="9204" status="PASS">
          <params>
            <param index="0">
              <value>
                <![CDATA[Admin]]>
              </value>
            </param>
            <param index="1">
              <value>
                <![CDATA[admin123]]>
              </value>
            </param>
          </params>
          <reporter-output>
          </reporter-output>
        </test-method> <!-- logintest -->
        <test-method signature="logintest(java.lang.String,java.lang.String)[pri:0, instance:Dataprovider.dataprovider1@2f7298b]" started-at="2023-07-10T21:11:40 IST" name="logintest" data-provider="logintest" finished-at="2023-07-10T21:11:47 IST" duration-ms="7626" status="PASS">
          <params>
            <param index="0">
              <value>
                <![CDATA[Admin1]]>
              </value>
            </param>
            <param index="1">
              <value>
                <![CDATA[123]]>
              </value>
            </param>
          </params>
          <reporter-output>
          </reporter-output>
        </test-method> <!-- logintest -->
      </class> <!-- Dataprovider.dataprovider1 -->
    </test> <!-- Default test -->
  </suite> <!-- Default suite -->
</testng-results>
